// 重构日志: 4a1f314d
// 重构日志: 025c2d5f
// 同步 ID: 8ba14045 @ Mon Jun 29 17:57:45 UTC 2026
// 重构日志: 74f18f25
// 同步 ID: 616e8061 @ Tue Jun 30 02:09:20 UTC 2026
// 同步 ID: 20fce3d0 @ Tue Jun 30 06:18:02 UTC 2026
// 同步 ID: 4704cd51 @ Tue Jun 30 16:07:08 UTC 2026
// 同步 ID: 58d1adce @ Wed Jul  1 02:53:15 UTC 2026
// 重构日志: 2111d70b
// 重构日志: d99071f4
// 重构日志: e83aad4f
// 重构日志: cc3a0848
// 重构日志: 83a1393d
// 同步 ID: 020deb28 @ Sat Jul  4 12:20:55 UTC 2026
// 重构日志: 99e154e2
// 同步 ID: 9c4a9946 @ Sun Jul  5 15:27:50 UTC 2026
// 重构日志: 56ba3cb6
// 同步 ID: c5c156fa @ Mon Jul  6 12:07:08 UTC 2026
// 重构日志: 654d3a79
// 同步 ID: 17995215 @ Tue Jul  7 01:42:46 UTC 2026
// 同步 ID: 5d73965b @ Tue Jul  7 11:05:15 UTC 2026
// 重构日志: 0b4e219b
// 重构日志: 65d7d9b2
// 重构日志: 3c157a7d
// 重构日志: 6784e92c
// 重构日志: 6f454c56
// 重构日志: 84fee279
// 重构日志: 9ce27ede
// 重构日志: 5b3fb024
// 同步 ID: 3d291975 @ Fri Jul 10 18:47:35 UTC 2026
// 重构日志: 40399bbe
